<?xml version="1.0" encoding="UTF-8"?>
<testsuites name="jest tests" tests="12" failures="0" time="3.709">
  <testsuite name="button" errors="0" failures="0" skipped="0" timestamp="2019-06-04T08:38:25" time="2.732" tests="4">
    <testcase classname="button render successfully" name="button render successfully" time="0.015">
    </testcase>
    <testcase classname="button onClick" name="button onClick" time="0.03">
    </testcase>
    <testcase classname="button props mode" name="button props mode" time="0.004">
    </testcase>
    <testcase classname="button props loading" name="button props loading" time="0.003">
    </testcase>
  </testsuite>
  <testsuite name="classes" errors="0" failures="0" skipped="0" timestamp="2019-06-04T08:38:28" time="0.12" tests="5">
    <testcase classname="classes classes 接受一个className" name="classes classes 接受一个className" time="0">
    </testcase>
    <testcase classname="classes classes 接受两个className" name="classes classes 接受两个className" time="0.001">
    </testcase>
    <testcase classname="classes classes 接受 undefined " name="classes classes 接受 undefined " time="0">
    </testcase>
    <testcase classname="classes classes 接受各种奇怪参数 " name="classes classes 接受各种奇怪参数 " time="0">
    </testcase>
    <testcase classname="classes classes 不接受参数 " name="classes classes 不接受参数 " time="0">
    </testcase>
  </testsuite>
  <testsuite name="icon" errors="0" failures="0" skipped="0" timestamp="2019-06-04T08:38:28" time="0.113" tests="2">
    <testcase classname="icon render successfully" name="icon render successfully" time="0.001">
    </testcase>
    <testcase classname="icon onClick" name="icon onClick" time="0.01">
    </testcase>
  </testsuite>
  <testsuite name="我的第一个测试用例" errors="0" failures="0" skipped="0" timestamp="2019-06-04T08:38:28" time="0.1" tests="1">
    <testcase classname="我的第一个测试用例 1 + 3 = 3" name="我的第一个测试用例 1 + 3 = 3" time="0.001">
    </testcase>
  </testsuite>
</testsuites>