<?xml version="1.0" encoding="UTF-8"?>
<testsuites name="jest tests" tests="10" failures="0" time="3.025">
  <testsuite name="pager" errors="0" failures="0" skipped="0" timestamp="2020-06-23T09:54:29" time="1.34" tests="7">
    <testcase classname="pager render successfully" name="pager render successfully" time="0.035">
    </testcase>
    <testcase classname="pager disable prev button" name="pager disable prev button" time="0.007">
    </testcase>
    <testcase classname="pager disable next button" name="pager disable next button" time="0.006">
    </testcase>
    <testcase classname="pager current props" name="pager current props" time="0.003">
    </testcase>
    <testcase classname="pager onPageChange event trigger by click item" name="pager onPageChange event trigger by click item" time="0.005">
    </testcase>
    <testcase classname="pager page  ellipsis" name="pager page  ellipsis" time="0.004">
    </testcase>
    <testcase classname="pager hideIfOnePage props" name="pager hideIfOnePage props" time="0.003">
    </testcase>
  </testsuite>
  <testsuite name="spin" errors="0" failures="0" skipped="0" timestamp="2020-06-23T09:54:30" time="0.693" tests="3">
    <testcase classname="spin render successfully" name="spin render successfully" time="0.011">
    </testcase>
    <testcase classname="spin spin tip prop" name="spin spin tip prop" time="0.003">
    </testcase>
    <testcase classname="spin spin  size props" name="spin spin  size props" time="0.002">
    </testcase>
  </testsuite>
</testsuites>